<?xml version="1.0" encoding="UTF-8"?>
<!-- Generated by org.testng.reporters.JUnitReportReporter -->
<testsuite hostname="Sanket-PC" failures="0" tests="1" name="com.xyzbank.qa.testcases.LoginPageTest" time="3.885" errors="0" timestamp="07 Mar 2024 04:00:28 GMT" skipped="0">
  <testcase classname="com.xyzbank.qa.testcases.LoginPageTest" name="loginTest" time="3.885"/>
</testsuite> <!-- com.xyzbank.qa.testcases.LoginPageTest -->
