<?xml version="1.0" encoding="UTF-8"?>
<!-- Generated by org.testng.reporters.JUnitReportReporter -->
<testsuite hostname="Sanket-PC" failures="0" tests="2" name="com.xyzbank.qa.testcases.BankManagerTest" time="13.244" errors="0" timestamp="07 Mar 2024 09:55:25 GMT" skipped="0">
  <testcase classname="com.xyzbank.qa.testcases.BankManagerTest" name="managertest" time="8.709"/>
  <testcase classname="com.xyzbank.qa.testcases.BankManagerTest" name="existingtest" time="4.535"/>
</testsuite> <!-- com.xyzbank.qa.testcases.BankManagerTest -->
