<?xml version="1.0" encoding="UTF-8"?>
<!-- Generated by org.testng.reporters.JUnitReportReporter -->
<testsuite hostname="Sanket-PC" failures="0" tests="1" name="com.xyzbank.qa.testcases.CustomerLoginTest" time="9.059" errors="0" timestamp="07 Mar 2024 10:06:43 GMT" skipped="0">
  <testcase classname="com.xyzbank.qa.testcases.CustomerLoginTest" name="testCustomerLoginFlow" time="9.059"/>
</testsuite> <!-- com.xyzbank.qa.testcases.CustomerLoginTest -->
