<?xml version="1.0" encoding="UTF-8"?>
<!-- Generated by org.testng.reporters.JUnitReportReporter -->
<testsuite hostname="Sanket-PC" failures="0" tests="1" name="com.xyzbank.qa.testcases.CheckOutPageTest" time="2.375" errors="0" timestamp="06 Mar 2024 17:25:54 GMT" skipped="0">
  <testcase classname="com.xyzbank.qa.testcases.CheckOutPageTest" name="AddToCartTest1" time="2.375"/>
</testsuite> <!-- com.xyzbank.qa.testcases.CheckOutPageTest -->
