<?xml version="1.0" encoding="UTF-8"?>
<!-- Generated by org.testng.reporters.JUnitReportReporter -->
<testsuite hostname="Sanket-PC" failures="0" tests="1" name="com.xyzbank.qa.testcases.CustomerLoginTest" time="9.080" errors="0" timestamp="11 Mar 2024 08:34:02 GMT" skipped="0">
  <testcase classname="com.xyzbank.qa.testcases.CustomerLoginTest" name="testCustomerLoginFlow" time="9.080"/>
</testsuite> <!-- com.xyzbank.qa.testcases.CustomerLoginTest -->
